<?xml version="1.0" encoding="UTF-8"?>
<!-- Generated by org.testng.reporters.JUnitXMLReporter -->
<testsuite hostname="DESKTOP-QO13J5T" ignored="0" name="Command line test" tests="2" failures="2" timestamp="2021-11-20T21:03:01 CST" time="11.787" errors="0">
  <testcase name="addcat" time="2.012" classname="Test.AddCategoryTest">
    <failure type="java.lang.NullPointerException">
      <![CDATA[java.lang.NullPointerException
at Test.AddCategoryTest.addcat(AddCategoryTest.java:33)
at java.util.ArrayList.forEach(ArrayList.java:1259)
... Removed 37 stack frames]]>
    </failure>
  </testcase> <!-- addcat -->
  <testcase name="addDuplicate" time="3.019" classname="Test.DuplicateCategoryTest">
    <failure type="java.lang.NullPointerException">
      <![CDATA[java.lang.NullPointerException
at Test.DuplicateCategoryTest.addDuplicate(DuplicateCategoryTest.java:27)
at java.util.ArrayList.forEach(ArrayList.java:1259)
... Removed 37 stack frames]]>
    </failure>
  </testcase> <!-- addDuplicate -->
</testsuite> <!-- Command line test -->
